<?xml version="1.0" encoding="UTF-8"?>
<robot generator="Robot 7.3 (Python 3.13.2 on win32)" generated="2025-06-16T21:35:01.925995" rpa="false" schemaversion="5">
<suite id="s1" name="Tests" source="C:\DEV\qa-automation-portfolio\robot-framework\projeto-ecommerce-automationexercise\tests">
<suite id="s1-s1" name="Login Tests" source="C:\DEV\qa-automation-portfolio\robot-framework\projeto-ecommerce-automationexercise\tests\login_tests.robot">
<test id="s1-s1-t1" name="Login com dados válidos" line="11">
<kw name="Abrir navegador" owner="keywords" type="SETUP">
<kw name="Open Browser" owner="SeleniumLibrary">
<msg time="2025-06-16T21:35:02.171465" level="INFO">Opening browser 'ff' to base url 'https://automationexercise.com/'.</msg>
<msg time="2025-06-16T21:35:02.472678" level="WARN">The geckodriver version (0.35.0) detected in PATH at C:\Users\gabrielle\AppData\Roaming\Python\Python312\Scripts\geckodriver.exe might not be compatible with the detected firefox version (139.0.4.479); currently, geckodriver 0.36.0 is recommended for firefox 139.*, so it is advised to delete the driver in PATH and retry</msg>
<arg>${URL}</arg>
<arg>ff</arg>
<doc>Opens a new browser instance to the optional ``url``.</doc>
<status status="PASS" start="2025-06-16T21:35:02.171244" elapsed="9.516534"/>
</kw>
<kw name="Maximize Browser Window" owner="SeleniumLibrary">
<doc>Maximizes current browser window.</doc>
<status status="PASS" start="2025-06-16T21:35:11.688033" elapsed="0.259768"/>
</kw>
<status status="PASS" start="2025-06-16T21:35:02.170633" elapsed="9.777316"/>
</kw>
<kw name="Given que estou na página de login" owner="keywords">
<kw name="Click Element" owner="SeleniumLibrary">
<msg time="2025-06-16T21:35:11.949377" level="INFO">Clicking element '//a[contains(.,'Signup / Login')]'.</msg>
<arg>//a[contains(.,'Signup / Login')]</arg>
<doc>Click the element identified by ``locator``.</doc>
<status status="PASS" start="2025-06-16T21:35:11.949010" elapsed="1.917770"/>
</kw>
<status status="PASS" start="2025-06-16T21:35:11.948658" elapsed="1.918249"/>
</kw>
<kw name="When informo email e senha corretos" owner="keywords">
<kw name="Input Text" owner="SeleniumLibrary">
<msg time="2025-06-16T21:35:13.867913" level="INFO">Typing text 'gabrielle.qa@test.com' into text field '//input[contains(@data-qa,'login-email')]'.</msg>
<arg>//input[contains(@data-qa,'login-email')]</arg>
<arg>${EMAIL}</arg>
<doc>Types the given ``text`` into the text field identified by ``locator``.</doc>
<status status="PASS" start="2025-06-16T21:35:13.867649" elapsed="0.044585"/>
</kw>
<kw name="Input Text" owner="SeleniumLibrary">
<msg time="2025-06-16T21:35:13.912754" level="INFO">Typing text '123456' into text field '//input[@type='password']'.</msg>
<arg>//input[@type='password']</arg>
<arg>${SENHA}</arg>
<doc>Types the given ``text`` into the text field identified by ``locator``.</doc>
<status status="PASS" start="2025-06-16T21:35:13.912470" elapsed="0.029397"/>
</kw>
<status status="PASS" start="2025-06-16T21:35:13.867286" elapsed="0.074702"/>
</kw>
<kw name="And clico no botão de login" owner="keywords">
<kw name="Click Button" owner="SeleniumLibrary">
<msg time="2025-06-16T21:35:13.942802" level="INFO">Clicking button '//button[contains(.,'Login')]'.</msg>
<arg>//button[contains(.,'Login')]</arg>
<doc>Clicks the button identified by ``locator``.</doc>
<status status="PASS" start="2025-06-16T21:35:13.942630" elapsed="3.096630"/>
</kw>
<status status="PASS" start="2025-06-16T21:35:13.942317" elapsed="3.097078"/>
</kw>
<kw name="Then vejo o nome do usuário logado no menu" owner="keywords">
<kw name="Page Should Contain" owner="SeleniumLibrary">
<msg time="2025-06-16T21:35:17.065955" level="INFO">Current page contains text 'Logged in as Gabrielle'.</msg>
<arg>${AVISO_LOGADO}</arg>
<doc>Verifies that current page contains ``text``.</doc>
<status status="PASS" start="2025-06-16T21:35:17.040153" elapsed="0.025934"/>
</kw>
<kw name="Take Screenshot" owner="Screenshot">
<msg time="2025-06-16T21:35:17.135190" level="INFO" html="true">&lt;a href="screenshot_2.jpg"&gt;&lt;img src="screenshot_2.jpg" width="800px"&gt;&lt;/a&gt;</msg>
<doc>Takes a screenshot in JPEG format and embeds it into the log file.</doc>
<status status="PASS" start="2025-06-16T21:35:17.066279" elapsed="0.069024"/>
</kw>
<status status="PASS" start="2025-06-16T21:35:17.039794" elapsed="0.095612"/>
</kw>
<kw name="Fechar navegador" owner="keywords" type="TEARDOWN">
<kw name="Close Browser" owner="SeleniumLibrary">
<doc>Closes the current browser.</doc>
<status status="PASS" start="2025-06-16T21:35:17.136162" elapsed="2.680738"/>
</kw>
<status status="PASS" start="2025-06-16T21:35:17.135878" elapsed="2.681136"/>
</kw>
<doc>Teste de login funcional com usuário válido.</doc>
<tag>login_positivo</tag>
<status status="PASS" start="2025-06-16T21:35:02.169871" elapsed="17.647301"/>
</test>
<test id="s1-s1-t2" name="Login com dados inválidos" line="19">
<kw name="Abrir navegador" owner="keywords" type="SETUP">
<kw name="Open Browser" owner="SeleniumLibrary">
<msg time="2025-06-16T21:35:19.818622" level="INFO">Opening browser 'ff' to base url 'https://automationexercise.com/'.</msg>
<msg time="2025-06-16T21:35:20.085308" level="WARN">The geckodriver version (0.35.0) detected in PATH at C:\Users\gabrielle\AppData\Roaming\Python\Python312\Scripts\geckodriver.exe might not be compatible with the detected firefox version (139.0.4.479); currently, geckodriver 0.36.0 is recommended for firefox 139.*, so it is advised to delete the driver in PATH and retry</msg>
<arg>${URL}</arg>
<arg>ff</arg>
<doc>Opens a new browser instance to the optional ``url``.</doc>
<status status="PASS" start="2025-06-16T21:35:19.818453" elapsed="9.108261"/>
</kw>
<kw name="Maximize Browser Window" owner="SeleniumLibrary">
<doc>Maximizes current browser window.</doc>
<status status="PASS" start="2025-06-16T21:35:28.926907" elapsed="0.271526"/>
</kw>
<status status="PASS" start="2025-06-16T21:35:19.818233" elapsed="9.380311"/>
</kw>
<kw name="Given que estou na página de login" owner="keywords">
<kw name="Click Element" owner="SeleniumLibrary">
<msg time="2025-06-16T21:35:29.199369" level="INFO">Clicking element '//a[contains(.,'Signup / Login')]'.</msg>
<arg>//a[contains(.,'Signup / Login')]</arg>
<doc>Click the element identified by ``locator``.</doc>
<status status="PASS" start="2025-06-16T21:35:29.199195" elapsed="1.941402"/>
</kw>
<status status="PASS" start="2025-06-16T21:35:29.198920" elapsed="1.941793"/>
</kw>
<kw name="When informo email e senha inválidos" owner="keywords">
<kw name="Input Text" owner="SeleniumLibrary">
<msg time="2025-06-16T21:35:31.141623" level="INFO">Typing text 'erro@email.com' into text field '//input[contains(@data-qa,'login-email')]'.</msg>
<arg>//input[contains(@data-qa,'login-email')]</arg>
<arg>${EMAIL_INCORRETO}</arg>
<doc>Types the given ``text`` into the text field identified by ``locator``.</doc>
<status status="PASS" start="2025-06-16T21:35:31.141406" elapsed="0.046255"/>
</kw>
<kw name="Input Text" owner="SeleniumLibrary">
<msg time="2025-06-16T21:35:31.188274" level="INFO">Typing text '1212' into text field '//input[@type='password']'.</msg>
<arg>//input[@type='password']</arg>
<arg>${SENHA_INCORRETA}</arg>
<doc>Types the given ``text`` into the text field identified by ``locator``.</doc>
<status status="PASS" start="2025-06-16T21:35:31.187920" elapsed="0.021989"/>
</kw>
<status status="PASS" start="2025-06-16T21:35:31.141078" elapsed="0.068942"/>
</kw>
<kw name="And clico no botão de login" owner="keywords">
<kw name="Click Button" owner="SeleniumLibrary">
<msg time="2025-06-16T21:35:31.210763" level="INFO">Clicking button '//button[contains(.,'Login')]'.</msg>
<arg>//button[contains(.,'Login')]</arg>
<doc>Clicks the button identified by ``locator``.</doc>
<status status="PASS" start="2025-06-16T21:35:31.210610" elapsed="1.111872"/>
</kw>
<status status="PASS" start="2025-06-16T21:35:31.210330" elapsed="1.112297"/>
</kw>
<kw name="Then vejo a mensagem de erro de login" owner="keywords">
<kw name="Page Should Contain" owner="SeleniumLibrary">
<msg time="2025-06-16T21:35:32.327795" level="INFO">Current page contains text 'Your email or password is incorrect!'.</msg>
<arg>${LOGIN_INVALIDO}</arg>
<doc>Verifies that current page contains ``text``.</doc>
<status status="PASS" start="2025-06-16T21:35:32.323497" elapsed="0.004382"/>
</kw>
<kw name="Take Screenshot" owner="Screenshot">
<msg time="2025-06-16T21:35:32.367950" level="INFO" html="true">&lt;a href="screenshot_3.jpg"&gt;&lt;img src="screenshot_3.jpg" width="800px"&gt;&lt;/a&gt;</msg>
<doc>Takes a screenshot in JPEG format and embeds it into the log file.</doc>
<status status="PASS" start="2025-06-16T21:35:32.328027" elapsed="0.040038"/>
</kw>
<status status="PASS" start="2025-06-16T21:35:32.322994" elapsed="0.045216"/>
</kw>
<kw name="Fechar navegador" owner="keywords" type="TEARDOWN">
<kw name="Close Browser" owner="SeleniumLibrary">
<doc>Closes the current browser.</doc>
<status status="PASS" start="2025-06-16T21:35:32.368871" elapsed="2.745857"/>
</kw>
<status status="PASS" start="2025-06-16T21:35:32.368599" elapsed="2.746273"/>
</kw>
<doc>Deve exibir erro ao tentar logar com email/senha incorretos.</doc>
<tag>login_negativo</tag>
<status status="PASS" start="2025-06-16T21:35:19.817770" elapsed="15.297305"/>
</test>
<status status="PASS" start="2025-06-16T21:35:01.950449" elapsed="33.165335"/>
</suite>
<status status="PASS" start="2025-06-16T21:35:01.927130" elapsed="33.189318"/>
</suite>
<statistics>
<total>
<stat pass="2" fail="0" skip="0">All Tests</stat>
</total>
<tag>
<stat pass="1" fail="0" skip="0">login_negativo</stat>
<stat pass="1" fail="0" skip="0">login_positivo</stat>
</tag>
<suite>
<stat name="Tests" id="s1" pass="2" fail="0" skip="0">Tests</stat>
<stat name="Login Tests" id="s1-s1" pass="2" fail="0" skip="0">Tests.Login Tests</stat>
</suite>
</statistics>
<errors>
<msg time="2025-06-16T21:35:02.472678" level="WARN">The geckodriver version (0.35.0) detected in PATH at C:\Users\gabrielle\AppData\Roaming\Python\Python312\Scripts\geckodriver.exe might not be compatible with the detected firefox version (139.0.4.479); currently, geckodriver 0.36.0 is recommended for firefox 139.*, so it is advised to delete the driver in PATH and retry</msg>
<msg time="2025-06-16T21:35:20.085308" level="WARN">The geckodriver version (0.35.0) detected in PATH at C:\Users\gabrielle\AppData\Roaming\Python\Python312\Scripts\geckodriver.exe might not be compatible with the detected firefox version (139.0.4.479); currently, geckodriver 0.36.0 is recommended for firefox 139.*, so it is advised to delete the driver in PATH and retry</msg>
</errors>
</robot>
