<?xml version="1.0" encoding="UTF-8"?>
<robot generator="Robot 7.3.1 (Python 3.13.2 on win32)" generated="2025-06-17T14:56:08.354756" rpa="false" schemaversion="5">
<suite id="s1" name="Tests" source="C:\DEV\qa-automation-portfolio\robot-framework\projeto-ecommerce-automationexercise\tests">
<suite id="s1-s1" name="01 Login Tests" source="C:\DEV\qa-automation-portfolio\robot-framework\projeto-ecommerce-automationexercise\tests\01_login_tests.robot">
<test id="s1-s1-t1" name="Login com dados válidos" line="12">
<kw name="Abrir navegador" owner="keywords" type="SETUP">
<kw name="Open Browser" owner="SeleniumLibrary">
<msg time="2025-06-17T14:56:08.867744" level="INFO">Opening browser 'ff' to base url 'https://automationexercise.com/'.</msg>
<msg time="2025-06-17T14:56:09.176127" level="WARN">The geckodriver version (0.35.0) detected in PATH at C:\Users\gabrielle\AppData\Roaming\Python\Python312\Scripts\geckodriver.exe might not be compatible with the detected firefox version (139.0.4.479); currently, geckodriver 0.36.0 is recommended for firefox 139.*, so it is advised to delete the driver in PATH and retry</msg>
<arg>${URL}</arg>
<arg>ff</arg>
<doc>Opens a new browser instance to the optional ``url``.</doc>
<status status="PASS" start="2025-06-17T14:56:08.867528" elapsed="9.110387"/>
</kw>
<kw name="Maximize Browser Window" owner="SeleniumLibrary">
<doc>Maximizes current browser window.</doc>
<status status="PASS" start="2025-06-17T14:56:17.978173" elapsed="0.258283"/>
</kw>
<status status="PASS" start="2025-06-17T14:56:08.866692" elapsed="9.369941"/>
</kw>
<kw name="Given que estou na página de login" owner="keywords">
<kw name="Click Element" owner="SeleniumLibrary">
<msg time="2025-06-17T14:56:18.237854" level="INFO">Clicking element '//a[contains(.,'Signup / Login')]'.</msg>
<arg>//a[contains(.,'Signup / Login')]</arg>
<doc>Click the element identified by ``locator``.</doc>
<status status="PASS" start="2025-06-17T14:56:18.237480" elapsed="1.785262"/>
</kw>
<status status="PASS" start="2025-06-17T14:56:18.237144" elapsed="1.785741"/>
</kw>
<kw name="When informo email e senha corretos" owner="keywords">
<kw name="Input Text" owner="SeleniumLibrary">
<msg time="2025-06-17T14:56:20.024045" level="INFO">Typing text 'gabrielle.qa@test.com' into text field '//input[contains(@data-qa,'login-email')]'.</msg>
<arg>//input[contains(@data-qa,'login-email')]</arg>
<arg>${EMAIL}</arg>
<doc>Types the given ``text`` into the text field identified by ``locator``.</doc>
<status status="PASS" start="2025-06-17T14:56:20.023853" elapsed="0.043118"/>
</kw>
<kw name="Input Text" owner="SeleniumLibrary">
<msg time="2025-06-17T14:56:20.067396" level="INFO">Typing text '123456' into text field '//input[@type='password']'.</msg>
<arg>//input[@type='password']</arg>
<arg>${SENHA}</arg>
<doc>Types the given ``text`` into the text field identified by ``locator``.</doc>
<status status="PASS" start="2025-06-17T14:56:20.067160" elapsed="0.018304"/>
</kw>
<status status="PASS" start="2025-06-17T14:56:20.023518" elapsed="0.062166"/>
</kw>
<kw name="And clico no botão de login" owner="keywords">
<kw name="Click Button" owner="SeleniumLibrary">
<msg time="2025-06-17T14:56:20.086720" level="INFO">Clicking button '//button[contains(.,'Login')]'.</msg>
<arg>//button[contains(.,'Login')]</arg>
<doc>Clicks the button identified by ``locator``.</doc>
<status status="PASS" start="2025-06-17T14:56:20.086549" elapsed="2.959759"/>
</kw>
<status status="PASS" start="2025-06-17T14:56:20.086219" elapsed="2.960232"/>
</kw>
<kw name="Then vejo o nome do usuário logado no menu" owner="keywords">
<kw name="Page Should Contain" owner="SeleniumLibrary">
<msg time="2025-06-17T14:56:23.053511" level="INFO">Current page contains text 'Logged in as Gabrielle'.</msg>
<arg>${AVISO_LOGADO}</arg>
<doc>Verifies that current page contains ``text``.</doc>
<status status="PASS" start="2025-06-17T14:56:23.047597" elapsed="0.006015"/>
</kw>
<kw name="Take Screenshot" owner="Screenshot">
<msg time="2025-06-17T14:56:23.114614" level="INFO" html="true">&lt;a href="screenshots/screenshot_6.jpg"&gt;&lt;img src="screenshots/screenshot_6.jpg" width="800px"&gt;&lt;/a&gt;</msg>
<doc>Takes a screenshot in JPEG format and embeds it into the log file.</doc>
<status status="PASS" start="2025-06-17T14:56:23.053788" elapsed="0.060923"/>
</kw>
<status status="PASS" start="2025-06-17T14:56:23.046993" elapsed="0.067813"/>
</kw>
<kw name="Fechar navegador" owner="keywords" type="TEARDOWN">
<kw name="Close Browser" owner="SeleniumLibrary">
<doc>Closes the current browser.</doc>
<status status="PASS" start="2025-06-17T14:56:23.115452" elapsed="2.757693"/>
</kw>
<status status="PASS" start="2025-06-17T14:56:23.115196" elapsed="2.758070"/>
</kw>
<doc>Teste de login funcional com usuário válido.</doc>
<tag>login_positivo</tag>
<status status="PASS" start="2025-06-17T14:56:08.865968" elapsed="17.007468"/>
</test>
<test id="s1-s1-t2" name="Login com dados inválidos" line="20">
<kw name="Abrir navegador" owner="keywords" type="SETUP">
<kw name="Open Browser" owner="SeleniumLibrary">
<msg time="2025-06-17T14:56:25.875007" level="INFO">Opening browser 'ff' to base url 'https://automationexercise.com/'.</msg>
<msg time="2025-06-17T14:56:26.155195" level="WARN">The geckodriver version (0.35.0) detected in PATH at C:\Users\gabrielle\AppData\Roaming\Python\Python312\Scripts\geckodriver.exe might not be compatible with the detected firefox version (139.0.4.479); currently, geckodriver 0.36.0 is recommended for firefox 139.*, so it is advised to delete the driver in PATH and retry</msg>
<arg>${URL}</arg>
<arg>ff</arg>
<doc>Opens a new browser instance to the optional ``url``.</doc>
<status status="PASS" start="2025-06-17T14:56:25.874749" elapsed="9.388747"/>
</kw>
<kw name="Maximize Browser Window" owner="SeleniumLibrary">
<doc>Maximizes current browser window.</doc>
<status status="PASS" start="2025-06-17T14:56:35.263733" elapsed="0.273564"/>
</kw>
<status status="PASS" start="2025-06-17T14:56:25.874439" elapsed="9.662974"/>
</kw>
<kw name="Given que estou na página de login" owner="keywords">
<kw name="Click Element" owner="SeleniumLibrary">
<msg time="2025-06-17T14:56:35.538466" level="INFO">Clicking element '//a[contains(.,'Signup / Login')]'.</msg>
<arg>//a[contains(.,'Signup / Login')]</arg>
<doc>Click the element identified by ``locator``.</doc>
<status status="PASS" start="2025-06-17T14:56:35.538211" elapsed="2.577784"/>
</kw>
<status status="PASS" start="2025-06-17T14:56:35.537851" elapsed="2.578268"/>
</kw>
<kw name="When informo email e senha inválidos" owner="keywords">
<kw name="Input Text" owner="SeleniumLibrary">
<msg time="2025-06-17T14:56:38.116934" level="INFO">Typing text 'erro@email.com' into text field '//input[contains(@data-qa,'login-email')]'.</msg>
<arg>//input[contains(@data-qa,'login-email')]</arg>
<arg>${EMAIL_INCORRETO}</arg>
<doc>Types the given ``text`` into the text field identified by ``locator``.</doc>
<status status="PASS" start="2025-06-17T14:56:38.116756" elapsed="0.034934"/>
</kw>
<kw name="Input Text" owner="SeleniumLibrary">
<msg time="2025-06-17T14:56:38.152106" level="INFO">Typing text '1212' into text field '//input[@type='password']'.</msg>
<arg>//input[@type='password']</arg>
<arg>${SENHA_INCORRETA}</arg>
<doc>Types the given ``text`` into the text field identified by ``locator``.</doc>
<status status="PASS" start="2025-06-17T14:56:38.151876" elapsed="0.017885"/>
</kw>
<status status="PASS" start="2025-06-17T14:56:38.116497" elapsed="0.053440"/>
</kw>
<kw name="And clico no botão de login" owner="keywords">
<kw name="Click Button" owner="SeleniumLibrary">
<msg time="2025-06-17T14:56:38.171116" level="INFO">Clicking button '//button[contains(.,'Login')]'.</msg>
<arg>//button[contains(.,'Login')]</arg>
<doc>Clicks the button identified by ``locator``.</doc>
<status status="PASS" start="2025-06-17T14:56:38.170863" elapsed="1.656314"/>
</kw>
<status status="PASS" start="2025-06-17T14:56:38.170448" elapsed="1.656859"/>
</kw>
<kw name="Then vejo a mensagem de erro de login" owner="keywords">
<kw name="Page Should Contain" owner="SeleniumLibrary">
<msg time="2025-06-17T14:56:39.832719" level="INFO">Current page contains text 'Your email or password is incorrect!'.</msg>
<arg>${LOGIN_INVALIDO}</arg>
<doc>Verifies that current page contains ``text``.</doc>
<status status="PASS" start="2025-06-17T14:56:39.828330" elapsed="0.004473"/>
</kw>
<kw name="Take Screenshot" owner="Screenshot">
<msg time="2025-06-17T14:56:39.876546" level="INFO" html="true">&lt;a href="screenshots/screenshot_7.jpg"&gt;&lt;img src="screenshots/screenshot_7.jpg" width="800px"&gt;&lt;/a&gt;</msg>
<doc>Takes a screenshot in JPEG format and embeds it into the log file.</doc>
<status status="PASS" start="2025-06-17T14:56:39.832955" elapsed="0.043706"/>
</kw>
<status status="PASS" start="2025-06-17T14:56:39.827737" elapsed="0.049020"/>
</kw>
<kw name="Fechar navegador" owner="keywords" type="TEARDOWN">
<kw name="Close Browser" owner="SeleniumLibrary">
<doc>Closes the current browser.</doc>
<status status="PASS" start="2025-06-17T14:56:39.877482" elapsed="2.663475"/>
</kw>
<status status="PASS" start="2025-06-17T14:56:39.877182" elapsed="2.663895"/>
</kw>
<doc>Deve exibir erro ao tentar logar com email/senha incorretos.</doc>
<tag>login_negativo</tag>
<status status="PASS" start="2025-06-17T14:56:25.873945" elapsed="16.667289"/>
</test>
<status status="PASS" start="2025-06-17T14:56:08.379741" elapsed="34.162209"/>
</suite>
<suite id="s1-s2" name="02 Cadastro Tests" source="C:\DEV\qa-automation-portfolio\robot-framework\projeto-ecommerce-automationexercise\tests\02_cadastro_tests.robot">
<test id="s1-s2-t1" name="Cadastro de novo usuário" line="13">
<kw name="Abrir navegador" owner="keywords" type="SETUP">
<kw name="Open Browser" owner="SeleniumLibrary">
<msg time="2025-06-17T14:56:42.547365" level="INFO">Opening browser 'ff' to base url 'https://automationexercise.com/'.</msg>
<msg time="2025-06-17T14:56:42.822177" level="WARN">The geckodriver version (0.35.0) detected in PATH at C:\Users\gabrielle\AppData\Roaming\Python\Python312\Scripts\geckodriver.exe might not be compatible with the detected firefox version (139.0.4.479); currently, geckodriver 0.36.0 is recommended for firefox 139.*, so it is advised to delete the driver in PATH and retry</msg>
<arg>${URL}</arg>
<arg>ff</arg>
<doc>Opens a new browser instance to the optional ``url``.</doc>
<status status="PASS" start="2025-06-17T14:56:42.547156" elapsed="9.048823"/>
</kw>
<kw name="Maximize Browser Window" owner="SeleniumLibrary">
<doc>Maximizes current browser window.</doc>
<status status="PASS" start="2025-06-17T14:56:51.596273" elapsed="0.258260"/>
</kw>
<status status="PASS" start="2025-06-17T14:56:42.546904" elapsed="9.307791"/>
</kw>
<kw name="Gerar dados dinâmicos para cadastro" owner="keywords">
<kw name="First Name" owner="FakerLibrary">
<msg time="2025-06-17T14:56:51.855757" level="INFO">${first_name} = Andrew</msg>
<var>${first_name}</var>
<status status="PASS" start="2025-06-17T14:56:51.855481" elapsed="0.000305"/>
</kw>
<kw name="Last Name" owner="FakerLibrary">
<msg time="2025-06-17T14:56:51.856099" level="INFO">${last_name} = Gonzalez</msg>
<var>${last_name}</var>
<status status="PASS" start="2025-06-17T14:56:51.855871" elapsed="0.000251"/>
</kw>
<kw name="Email" owner="FakerLibrary">
<msg time="2025-06-17T14:56:51.856417" level="INFO">${email} = suzanne84@example.com</msg>
<var>${email}</var>
<status status="PASS" start="2025-06-17T14:56:51.856196" elapsed="0.000244"/>
</kw>
<kw name="Password" owner="FakerLibrary">
<msg time="2025-06-17T14:56:51.856653" level="INFO">${senha} = lU8Qvrg6T^</msg>
<var>${senha}</var>
<doc>Generate a random password of the specified ``length``.</doc>
<status status="PASS" start="2025-06-17T14:56:51.856516" elapsed="0.000159"/>
</kw>
<kw name="Phone Number" owner="FakerLibrary">
<msg time="2025-06-17T14:56:51.856855" level="INFO">${telefone} = (572)583-6778</msg>
<var>${telefone}</var>
<status status="PASS" start="2025-06-17T14:56:51.856749" elapsed="0.000127"/>
</kw>
<kw name="Set Suite Variable" owner="BuiltIn">
<msg time="2025-06-17T14:56:51.857131" level="INFO">${FIRST_NAME} = Andrew</msg>
<arg>${FIRST_NAME}</arg>
<arg>${first_name}</arg>
<doc>Makes a variable available everywhere within the scope of the current suite.</doc>
<status status="PASS" start="2025-06-17T14:56:51.856963" elapsed="0.000200"/>
</kw>
<kw name="Set Suite Variable" owner="BuiltIn">
<msg time="2025-06-17T14:56:51.857375" level="INFO">${LAST_NAME} = Gonzalez</msg>
<arg>${LAST_NAME}</arg>
<arg>${last_name}</arg>
<doc>Makes a variable available everywhere within the scope of the current suite.</doc>
<status status="PASS" start="2025-06-17T14:56:51.857245" elapsed="0.000160"/>
</kw>
<kw name="Set Suite Variable" owner="BuiltIn">
<msg time="2025-06-17T14:56:51.858070" level="INFO">${EMAIL_NOVO} = suzanne84@example.com</msg>
<arg>${EMAIL_NOVO}</arg>
<arg>${email}</arg>
<doc>Makes a variable available everywhere within the scope of the current suite.</doc>
<status status="PASS" start="2025-06-17T14:56:51.857484" elapsed="0.000620"/>
</kw>
<kw name="Set Suite Variable" owner="BuiltIn">
<msg time="2025-06-17T14:56:51.858723" level="INFO">${NEW_PASSWORD} = lU8Qvrg6T^</msg>
<arg>${NEW_PASSWORD}</arg>
<arg>${senha}</arg>
<doc>Makes a variable available everywhere within the scope of the current suite.</doc>
<status status="PASS" start="2025-06-17T14:56:51.858189" elapsed="0.000568"/>
</kw>
<kw name="Set Suite Variable" owner="BuiltIn">
<msg time="2025-06-17T14:56:51.859358" level="INFO">${PHONE_NUMBER} = (572)583-6778</msg>
<arg>${PHONE_NUMBER}</arg>
<arg>${telefone}</arg>
<doc>Makes a variable available everywhere within the scope of the current suite.</doc>
<status status="PASS" start="2025-06-17T14:56:51.858841" elapsed="0.000550"/>
</kw>
<status status="PASS" start="2025-06-17T14:56:51.855192" elapsed="0.004253"/>
</kw>
<kw name="Given que estou na página de cadastro" owner="keywords">
<kw name="Click Element" owner="SeleniumLibrary">
<msg time="2025-06-17T14:56:51.860003" level="INFO">Clicking element '//a[contains(.,'Signup / Login')]'.</msg>
<arg>//a[contains(.,'Signup / Login')]</arg>
<doc>Click the element identified by ``locator``.</doc>
<status status="PASS" start="2025-06-17T14:56:51.859868" elapsed="1.829136"/>
</kw>
<kw name="Input Text" owner="SeleniumLibrary">
<msg time="2025-06-17T14:56:53.689469" level="INFO">Typing text 'Andrew' into text field '//input[@type='text']'.</msg>
<arg>//input[@type='text']</arg>
<arg>${FIRST_NAME}</arg>
<doc>Types the given ``text`` into the text field identified by ``locator``.</doc>
<status status="PASS" start="2025-06-17T14:56:53.689220" elapsed="0.042190"/>
</kw>
<kw name="Input Text" owner="SeleniumLibrary">
<msg time="2025-06-17T14:56:53.731834" level="INFO">Typing text 'suzanne84@example.com' into text field '//input[@data-qa='signup-email']'.</msg>
<arg>//input[@data-qa='signup-email']</arg>
<arg>${EMAIL_NOVO}</arg>
<doc>Types the given ``text`` into the text field identified by ``locator``.</doc>
<status status="PASS" start="2025-06-17T14:56:53.731596" elapsed="0.024654"/>
</kw>
<kw name="Click Button" owner="SeleniumLibrary">
<msg time="2025-06-17T14:56:53.756775" level="INFO">Clicking button '//button[contains(@data-qa,'signup-button')]'.</msg>
<arg>//button[contains(@data-qa,'signup-button')]</arg>
<doc>Clicks the button identified by ``locator``.</doc>
<status status="PASS" start="2025-06-17T14:56:53.756521" elapsed="1.639236"/>
</kw>
<status status="PASS" start="2025-06-17T14:56:51.859692" elapsed="3.536180"/>
</kw>
<kw name="When preencho os dados obrigatórios corretamente" owner="keywords">
<kw name="Click Element" owner="SeleniumLibrary">
<msg time="2025-06-17T14:56:55.396707" level="INFO">Clicking element '//input[@type='radio'][contains(@id,'gender2')]'.</msg>
<arg>//input[@type='radio'][contains(@id,'gender2')]</arg>
<doc>Click the element identified by ``locator``.</doc>
<status status="PASS" start="2025-06-17T14:56:55.396518" elapsed="0.210854"/>
</kw>
<kw name="Input Password" owner="SeleniumLibrary">
<msg time="2025-06-17T14:56:55.608009" level="INFO">Typing password into text field '//input[@type='password']'.</msg>
<msg time="2025-06-17T14:56:55.619278" level="INFO">Temporally setting log level to: NONE</msg>
<arg>//input[@type='password']</arg>
<arg>${NEW_PASSWORD}</arg>
<doc>Types the given password into the text field identified by ``locator``.</doc>
<status status="PASS" start="2025-06-17T14:56:55.607575" elapsed="0.024763"/>
</kw>
<kw name="Input Text" owner="SeleniumLibrary">
<msg time="2025-06-17T14:56:55.632759" level="INFO">Typing text 'Andrew' into text field '//input[@data-qa='first_name']'.</msg>
<arg>//input[@data-qa='first_name']</arg>
<arg>${FIRST_NAME}</arg>
<doc>Types the given ``text`` into the text field identified by ``locator``.</doc>
<status status="PASS" start="2025-06-17T14:56:55.632530" elapsed="0.036602"/>
</kw>
<kw name="Input Text" owner="SeleniumLibrary">
<msg time="2025-06-17T14:56:55.669615" level="INFO">Typing text 'Gonzalez' into text field '//input[contains(@name,'last_name')]'.</msg>
<arg>//input[contains(@name,'last_name')]</arg>
<arg>${LAST_NAME}</arg>
<doc>Types the given ``text`` into the text field identified by ``locator``.</doc>
<status status="PASS" start="2025-06-17T14:56:55.669360" elapsed="0.028275"/>
</kw>
<kw name="Input Text" owner="SeleniumLibrary">
<msg time="2025-06-17T14:56:55.698116" level="INFO">Typing text '20 W 34th St.' into text field '//input[@data-qa='address']'.</msg>
<arg>//input[@data-qa='address']</arg>
<arg>${ADDRESS}</arg>
<doc>Types the given ``text`` into the text field identified by ``locator``.</doc>
<status status="PASS" start="2025-06-17T14:56:55.697851" elapsed="0.027448"/>
</kw>
<kw name="Select From List By Label" owner="SeleniumLibrary">
<msg time="2025-06-17T14:56:55.725784" level="INFO">Selecting options from selection list '//select[contains(@data-qa,'country')]' by label India.</msg>
<arg>//select[contains(@data-qa,'country')]</arg>
<arg>India</arg>
<doc>Selects options from selection list ``locator`` by ``labels``.</doc>
<status status="PASS" start="2025-06-17T14:56:55.725522" elapsed="0.019508"/>
</kw>
<kw name="Input Text" owner="SeleniumLibrary">
<msg time="2025-06-17T14:56:55.745493" level="INFO">Typing text 'NY' into text field '//input[contains(@data-qa,'state')]'.</msg>
<arg>//input[contains(@data-qa,'state')]</arg>
<arg>${STATE}</arg>
<doc>Types the given ``text`` into the text field identified by ``locator``.</doc>
<status status="PASS" start="2025-06-17T14:56:55.745227" elapsed="0.027613"/>
</kw>
<kw name="Input Text" owner="SeleniumLibrary">
<msg time="2025-06-17T14:56:55.773550" level="INFO">Typing text 'New York' into text field '//input[contains(@data-qa,'city')]'.</msg>
<arg>//input[contains(@data-qa,'city')]</arg>
<arg>${CITY}</arg>
<doc>Types the given ``text`` into the text field identified by ``locator``.</doc>
<status status="PASS" start="2025-06-17T14:56:55.773118" elapsed="0.036122"/>
</kw>
<kw name="Input Text" owner="SeleniumLibrary">
<msg time="2025-06-17T14:56:55.809882" level="INFO">Typing text '10118' into text field '//input[contains(@data-qa,'zipcode')]'.</msg>
<arg>//input[contains(@data-qa,'zipcode')]</arg>
<arg>${ZIP_CODE}</arg>
<doc>Types the given ``text`` into the text field identified by ``locator``.</doc>
<status status="PASS" start="2025-06-17T14:56:55.809546" elapsed="0.030317"/>
</kw>
<kw name="Input Text" owner="SeleniumLibrary">
<msg time="2025-06-17T14:56:55.840933" level="INFO">Typing text '(572)583-6778' into text field '//input[@type='text'][contains(@id,'number')]'.</msg>
<arg>//input[@type='text'][contains(@id,'number')]</arg>
<arg>${PHONE_NUMBER}</arg>
<doc>Types the given ``text`` into the text field identified by ``locator``.</doc>
<status status="PASS" start="2025-06-17T14:56:55.840369" elapsed="0.042474"/>
</kw>
<status status="PASS" start="2025-06-17T14:56:55.396256" elapsed="0.486754"/>
</kw>
<kw name="And clico no botão de criar conta" owner="keywords">
<kw name="Wait Until Element Is Visible" owner="SeleniumLibrary">
<arg>${CRIAR_CONTA}</arg>
<arg>10s</arg>
<doc>Waits until the element ``locator`` is visible.</doc>
<status status="PASS" start="2025-06-17T14:56:55.883720" elapsed="0.012563"/>
</kw>
<kw name="Execute Javascript" owner="SeleniumLibrary">
<msg time="2025-06-17T14:56:55.897369" level="INFO">Executing JavaScript:
document.querySelector("button[type='submit']").click()
Without any arguments.</msg>
<arg>document.querySelector("button[type='submit']").click()</arg>
<doc>Executes the given JavaScript code with possible arguments.</doc>
<status status="PASS" start="2025-06-17T14:56:55.896686" elapsed="0.030269"/>
</kw>
<status status="PASS" start="2025-06-17T14:56:55.883422" elapsed="0.043676"/>
</kw>
<kw name="Then vejo a mensagem de sucesso confirmando o cadastro" owner="keywords">
<kw name="Wait Until Page Contains" owner="SeleniumLibrary">
<arg>Account Created!</arg>
<arg>timeout=10s</arg>
<doc>Waits until ``text`` appears on the current page.</doc>
<status status="PASS" start="2025-06-17T14:56:55.928028" elapsed="0.815301"/>
</kw>
<kw name="Page Should Contain" owner="SeleniumLibrary">
<msg time="2025-06-17T14:56:56.746635" level="INFO">Current page contains text 'Account Created!'.</msg>
<arg>Account Created!</arg>
<doc>Verifies that current page contains ``text``.</doc>
<status status="PASS" start="2025-06-17T14:56:56.743531" elapsed="0.003168"/>
</kw>
<kw name="Take Screenshot" owner="Screenshot">
<msg time="2025-06-17T14:56:56.786436" level="INFO" html="true">&lt;a href="screenshots/screenshot_8.jpg"&gt;&lt;img src="screenshots/screenshot_8.jpg" width="800px"&gt;&lt;/a&gt;</msg>
<doc>Takes a screenshot in JPEG format and embeds it into the log file.</doc>
<status status="PASS" start="2025-06-17T14:56:56.746853" elapsed="0.039692"/>
</kw>
<status status="PASS" start="2025-06-17T14:56:55.927635" elapsed="0.859004"/>
</kw>
<kw name="Fechar navegador" owner="keywords" type="TEARDOWN">
<kw name="Close Browser" owner="SeleniumLibrary">
<doc>Closes the current browser.</doc>
<status status="PASS" start="2025-06-17T14:56:56.787489" elapsed="2.761065"/>
</kw>
<status status="PASS" start="2025-06-17T14:56:56.787121" elapsed="2.761556"/>
</kw>
<doc>Deve permitir o cadastro de um novo usuário com dados válidos.</doc>
<tag>cadastro</tag>
<tag>positivo</tag>
<status status="PASS" start="2025-06-17T14:56:42.546399" elapsed="17.002456"/>
</test>
<status status="PASS" start="2025-06-17T14:56:42.542638" elapsed="17.006830"/>
</suite>
<suite id="s1-s3" name="03 Carrinho Tests" source="C:\DEV\qa-automation-portfolio\robot-framework\projeto-ecommerce-automationexercise\tests\03_carrinho_tests.robot">
<test id="s1-s3-t1" name="Adicionar produto ao carrinho" line="13">
<kw name="Abrir navegador" owner="keywords" type="SETUP">
<kw name="Open Browser" owner="SeleniumLibrary">
<msg time="2025-06-17T14:56:59.554896" level="INFO">Opening browser 'ff' to base url 'https://automationexercise.com/'.</msg>
<msg time="2025-06-17T14:56:59.829695" level="WARN">The geckodriver version (0.35.0) detected in PATH at C:\Users\gabrielle\AppData\Roaming\Python\Python312\Scripts\geckodriver.exe might not be compatible with the detected firefox version (139.0.4.479); currently, geckodriver 0.36.0 is recommended for firefox 139.*, so it is advised to delete the driver in PATH and retry</msg>
<arg>${URL}</arg>
<arg>ff</arg>
<doc>Opens a new browser instance to the optional ``url``.</doc>
<status status="PASS" start="2025-06-17T14:56:59.554674" elapsed="10.047747"/>
</kw>
<kw name="Maximize Browser Window" owner="SeleniumLibrary">
<doc>Maximizes current browser window.</doc>
<status status="PASS" start="2025-06-17T14:57:09.602649" elapsed="0.269578"/>
</kw>
<status status="PASS" start="2025-06-17T14:56:59.554292" elapsed="10.318053"/>
</kw>
<kw name="Given que acesso a página de Produtos" owner="keywords">
<kw name="Click Element" owner="SeleniumLibrary">
<msg time="2025-06-17T14:57:09.873285" level="INFO">Clicking element '//a[contains(.,' Products')]'.</msg>
<arg>${PAGE_PRODUTOS}</arg>
<doc>Click the element identified by ``locator``.</doc>
<status status="PASS" start="2025-06-17T14:57:09.873099" elapsed="3.281199"/>
</kw>
<kw name="Wait Until Element Is Visible" owner="SeleniumLibrary">
<arg>//h2[contains(@class,'title text-center')]</arg>
<arg>5s</arg>
<doc>Waits until the element ``locator`` is visible.</doc>
<status status="PASS" start="2025-06-17T14:57:13.154659" elapsed="0.010371"/>
</kw>
<status status="PASS" start="2025-06-17T14:57:09.872820" elapsed="3.292333"/>
</kw>
<kw name="And visualizo o primeiro produto" owner="keywords">
<kw name="Execute Javascript" owner="SeleniumLibrary">
<msg time="2025-06-17T14:57:13.166077" level="INFO">Executing JavaScript:
document.querySelector("a[href='/product_details/5']").scrollIntoView({ behavior: 'smooth', block: 'center' })
Without any arguments.</msg>
<arg>document.querySelector("a[href='/product_details/5']").scrollIntoView({ behavior: 'smooth', block: 'center' })</arg>
<doc>Executes the given JavaScript code with possible arguments.</doc>
<status status="PASS" start="2025-06-17T14:57:13.165764" elapsed="0.002783"/>
</kw>
<kw name="Sleep" owner="BuiltIn">
<msg time="2025-06-17T14:57:14.169185" level="INFO">Slept 1 second.</msg>
<arg>1s</arg>
<doc>Pauses the test executed for the given time.</doc>
<status status="PASS" start="2025-06-17T14:57:13.168659" elapsed="1.000663"/>
</kw>
<kw name="Click Element" owner="SeleniumLibrary">
<msg time="2025-06-17T14:57:14.169793" level="INFO">Clicking element 'xpath=//a[@href='/product_details/5']'.</msg>
<arg>xpath=//a[@href='/product_details/5']</arg>
<doc>Click the element identified by ``locator``.</doc>
<status status="PASS" start="2025-06-17T14:57:14.169537" elapsed="2.117277"/>
</kw>
<status status="PASS" start="2025-06-17T14:57:13.165499" elapsed="3.121427"/>
</kw>
<kw name="When adiciono o primeiro produto ao carrinho" owner="keywords">
<kw name="Click Element" owner="SeleniumLibrary">
<msg time="2025-06-17T14:57:16.287857" level="INFO">Clicking element '//button[@type='button'][contains(.,'Add to cart')]'.</msg>
<arg>//button[@type='button'][contains(.,'Add to cart')]</arg>
<doc>Click the element identified by ``locator``.</doc>
<status status="PASS" start="2025-06-17T14:57:16.287650" elapsed="0.228206"/>
</kw>
<kw name="Wait Until Element Is Visible" owner="SeleniumLibrary">
<arg>${ADICIONADO_AO_CARRINHO}</arg>
<doc>Waits until the element ``locator`` is visible.</doc>
<status status="PASS" start="2025-06-17T14:57:16.516052" elapsed="0.218619"/>
</kw>
<kw name="Click Element" owner="SeleniumLibrary">
<msg time="2025-06-17T14:57:16.735101" level="INFO">Clicking element '//button[@class='btn btn-success close-modal btn-block'][contains(.,'Continue Shopping')]'.</msg>
<arg>${CONTINUE_SHOPPING}</arg>
<doc>Click the element identified by ``locator``.</doc>
<status status="PASS" start="2025-06-17T14:57:16.734872" elapsed="0.224504"/>
</kw>
<status status="PASS" start="2025-06-17T14:57:16.287339" elapsed="0.672151"/>
</kw>
<kw name="And acesso o carrinho de compras" owner="keywords">
<kw name="Click Element" owner="SeleniumLibrary">
<msg time="2025-06-17T14:57:16.960235" level="INFO">Clicking element '(//a[@href='/view_cart'][contains(.,'Cart')])[1]'.</msg>
<arg>${CART}</arg>
<doc>Click the element identified by ``locator``.</doc>
<status status="PASS" start="2025-06-17T14:57:16.960064" elapsed="2.150588"/>
</kw>
<status status="PASS" start="2025-06-17T14:57:16.959799" elapsed="2.151084"/>
</kw>
<kw name="Then vejo o produto no carrinho" owner="keywords">
<kw name="Page Should Contain" owner="SeleniumLibrary">
<msg time="2025-06-17T14:57:19.125379" level="INFO">Current page contains text 'Proceed To Checkout'.</msg>
<arg>Proceed To Checkout</arg>
<doc>Verifies that current page contains ``text``.</doc>
<status status="PASS" start="2025-06-17T14:57:19.111710" elapsed="0.013781"/>
</kw>
<status status="PASS" start="2025-06-17T14:57:19.111340" elapsed="0.014254"/>
</kw>
<kw name="Fechar navegador" owner="keywords" type="TEARDOWN">
<kw name="Close Browser" owner="SeleniumLibrary">
<doc>Closes the current browser.</doc>
<status status="PASS" start="2025-06-17T14:57:19.126175" elapsed="2.688453"/>
</kw>
<status status="PASS" start="2025-06-17T14:57:19.125945" elapsed="2.688805"/>
</kw>
<doc>Deve permitir adicionar um produto ao carrinho e visualizar no carrinho.</doc>
<tag>carrinho</tag>
<tag>positivo</tag>
<status status="PASS" start="2025-06-17T14:56:59.553702" elapsed="22.261207"/>
</test>
<status status="PASS" start="2025-06-17T14:56:59.550142" elapsed="22.265387"/>
</suite>
<suite id="s1-s4" name="Fluxo Completo Tests" source="C:\DEV\qa-automation-portfolio\robot-framework\projeto-ecommerce-automationexercise\tests\fluxo_completo_tests.robot">
<test id="s1-s4-t1" name="Fluxo completo de compra com novo usuário" line="13">
<kw name="Abrir navegador" owner="keywords" type="SETUP">
<kw name="Open Browser" owner="SeleniumLibrary">
<msg time="2025-06-17T14:57:21.821686" level="INFO">Opening browser 'ff' to base url 'https://automationexercise.com/'.</msg>
<msg time="2025-06-17T14:57:22.101476" level="WARN">The geckodriver version (0.35.0) detected in PATH at C:\Users\gabrielle\AppData\Roaming\Python\Python312\Scripts\geckodriver.exe might not be compatible with the detected firefox version (139.0.4.479); currently, geckodriver 0.36.0 is recommended for firefox 139.*, so it is advised to delete the driver in PATH and retry</msg>
<arg>${URL}</arg>
<arg>ff</arg>
<doc>Opens a new browser instance to the optional ``url``.</doc>
<status status="PASS" start="2025-06-17T14:57:21.821422" elapsed="8.664912"/>
</kw>
<kw name="Maximize Browser Window" owner="SeleniumLibrary">
<doc>Maximizes current browser window.</doc>
<status status="PASS" start="2025-06-17T14:57:30.486541" elapsed="0.269849"/>
</kw>
<status status="PASS" start="2025-06-17T14:57:21.821030" elapsed="8.935607"/>
</kw>
<kw name="Gerar dados dinâmicos para cadastro" owner="keywords">
<kw name="First Name" owner="FakerLibrary">
<msg time="2025-06-17T14:57:30.757620" level="INFO">${first_name} = Lori</msg>
<var>${first_name}</var>
<status status="PASS" start="2025-06-17T14:57:30.757376" elapsed="0.000271"/>
</kw>
<kw name="Last Name" owner="FakerLibrary">
<msg time="2025-06-17T14:57:30.757975" level="INFO">${last_name} = Wilson</msg>
<var>${last_name}</var>
<status status="PASS" start="2025-06-17T14:57:30.757730" elapsed="0.000269"/>
</kw>
<kw name="Email" owner="FakerLibrary">
<msg time="2025-06-17T14:57:30.758341" level="INFO">${email} = zacharyhudson@example.com</msg>
<var>${email}</var>
<status status="PASS" start="2025-06-17T14:57:30.758076" elapsed="0.000286"/>
</kw>
<kw name="Password" owner="FakerLibrary">
<msg time="2025-06-17T14:57:30.758556" level="INFO">${senha} = ry4R4Evr^)</msg>
<var>${senha}</var>
<doc>Generate a random password of the specified ``length``.</doc>
<status status="PASS" start="2025-06-17T14:57:30.758437" elapsed="0.000152"/>
</kw>
<kw name="Phone Number" owner="FakerLibrary">
<msg time="2025-06-17T14:57:30.758774" level="INFO">${telefone} = 001-885-801-3680x88433</msg>
<var>${telefone}</var>
<status status="PASS" start="2025-06-17T14:57:30.758662" elapsed="0.000134"/>
</kw>
<kw name="Set Suite Variable" owner="BuiltIn">
<msg time="2025-06-17T14:57:30.759031" level="INFO">${FIRST_NAME} = Lori</msg>
<arg>${FIRST_NAME}</arg>
<arg>${first_name}</arg>
<doc>Makes a variable available everywhere within the scope of the current suite.</doc>
<status status="PASS" start="2025-06-17T14:57:30.758880" elapsed="0.000182"/>
</kw>
<kw name="Set Suite Variable" owner="BuiltIn">
<msg time="2025-06-17T14:57:30.759259" level="INFO">${LAST_NAME} = Wilson</msg>
<arg>${LAST_NAME}</arg>
<arg>${last_name}</arg>
<doc>Makes a variable available everywhere within the scope of the current suite.</doc>
<status status="PASS" start="2025-06-17T14:57:30.759141" elapsed="0.000147"/>
</kw>
<kw name="Set Suite Variable" owner="BuiltIn">
<msg time="2025-06-17T14:57:30.759910" level="INFO">${EMAIL_NOVO} = zacharyhudson@example.com</msg>
<arg>${EMAIL_NOVO}</arg>
<arg>${email}</arg>
<doc>Makes a variable available everywhere within the scope of the current suite.</doc>
<status status="PASS" start="2025-06-17T14:57:30.759362" elapsed="0.000582"/>
</kw>
<kw name="Set Suite Variable" owner="BuiltIn">
<msg time="2025-06-17T14:57:30.760696" level="INFO">${NEW_PASSWORD} = ry4R4Evr^)</msg>
<arg>${NEW_PASSWORD}</arg>
<arg>${senha}</arg>
<doc>Makes a variable available everywhere within the scope of the current suite.</doc>
<status status="PASS" start="2025-06-17T14:57:30.760158" elapsed="0.000574"/>
</kw>
<kw name="Set Suite Variable" owner="BuiltIn">
<msg time="2025-06-17T14:57:30.761318" level="INFO">${PHONE_NUMBER} = 001-885-801-3680x88433</msg>
<arg>${PHONE_NUMBER}</arg>
<arg>${telefone}</arg>
<doc>Makes a variable available everywhere within the scope of the current suite.</doc>
<status status="PASS" start="2025-06-17T14:57:30.760816" elapsed="0.000535"/>
</kw>
<status status="PASS" start="2025-06-17T14:57:30.757115" elapsed="0.004290"/>
</kw>
<kw name="Given que estou na página de cadastro" owner="keywords">
<kw name="Click Element" owner="SeleniumLibrary">
<msg time="2025-06-17T14:57:30.761974" level="INFO">Clicking element '//a[contains(.,'Signup / Login')]'.</msg>
<arg>//a[contains(.,'Signup / Login')]</arg>
<doc>Click the element identified by ``locator``.</doc>
<status status="PASS" start="2025-06-17T14:57:30.761837" elapsed="2.028036"/>
</kw>
<kw name="Input Text" owner="SeleniumLibrary">
<msg time="2025-06-17T14:57:32.790512" level="INFO">Typing text 'Lori' into text field '//input[@type='text']'.</msg>
<arg>//input[@type='text']</arg>
<arg>${FIRST_NAME}</arg>
<doc>Types the given ``text`` into the text field identified by ``locator``.</doc>
<status status="PASS" start="2025-06-17T14:57:32.790157" elapsed="0.048455"/>
</kw>
<kw name="Input Text" owner="SeleniumLibrary">
<msg time="2025-06-17T14:57:32.839383" level="INFO">Typing text 'zacharyhudson@example.com' into text field '//input[@data-qa='signup-email']'.</msg>
<arg>//input[@data-qa='signup-email']</arg>
<arg>${EMAIL_NOVO}</arg>
<doc>Types the given ``text`` into the text field identified by ``locator``.</doc>
<status status="PASS" start="2025-06-17T14:57:32.838948" elapsed="0.027726"/>
</kw>
<kw name="Click Button" owner="SeleniumLibrary">
<msg time="2025-06-17T14:57:32.867073" level="INFO">Clicking button '//button[contains(@data-qa,'signup-button')]'.</msg>
<arg>//button[contains(@data-qa,'signup-button')]</arg>
<doc>Clicks the button identified by ``locator``.</doc>
<status status="PASS" start="2025-06-17T14:57:32.866866" elapsed="1.761978"/>
</kw>
<status status="PASS" start="2025-06-17T14:57:30.761655" elapsed="3.867317"/>
</kw>
<kw name="When preencho os dados obrigatórios corretamente" owner="keywords">
<kw name="Click Element" owner="SeleniumLibrary">
<msg time="2025-06-17T14:57:34.629917" level="INFO">Clicking element '//input[@type='radio'][contains(@id,'gender2')]'.</msg>
<arg>//input[@type='radio'][contains(@id,'gender2')]</arg>
<doc>Click the element identified by ``locator``.</doc>
<status status="PASS" start="2025-06-17T14:57:34.629734" elapsed="0.215078"/>
</kw>
<kw name="Input Password" owner="SeleniumLibrary">
<msg time="2025-06-17T14:57:34.845268" level="INFO">Typing password into text field '//input[@type='password']'.</msg>
<msg time="2025-06-17T14:57:34.854517" level="INFO">Temporally setting log level to: NONE</msg>
<arg>//input[@type='password']</arg>
<arg>${NEW_PASSWORD}</arg>
<doc>Types the given password into the text field identified by ``locator``.</doc>
<status status="PASS" start="2025-06-17T14:57:34.845023" elapsed="0.021426"/>
</kw>
<kw name="Input Text" owner="SeleniumLibrary">
<msg time="2025-06-17T14:57:34.866883" level="INFO">Typing text 'Lori' into text field '//input[@data-qa='first_name']'.</msg>
<arg>//input[@data-qa='first_name']</arg>
<arg>${FIRST_NAME}</arg>
<doc>Types the given ``text`` into the text field identified by ``locator``.</doc>
<status status="PASS" start="2025-06-17T14:57:34.866650" elapsed="0.045697"/>
</kw>
<kw name="Input Text" owner="SeleniumLibrary">
<msg time="2025-06-17T14:57:34.912841" level="INFO">Typing text 'Wilson' into text field '//input[contains(@name,'last_name')]'.</msg>
<arg>//input[contains(@name,'last_name')]</arg>
<arg>${LAST_NAME}</arg>
<doc>Types the given ``text`` into the text field identified by ``locator``.</doc>
<status status="PASS" start="2025-06-17T14:57:34.912545" elapsed="0.023380"/>
</kw>
<kw name="Input Text" owner="SeleniumLibrary">
<msg time="2025-06-17T14:57:34.936431" level="INFO">Typing text '20 W 34th St.' into text field '//input[@data-qa='address']'.</msg>
<arg>//input[@data-qa='address']</arg>
<arg>${ADDRESS}</arg>
<doc>Types the given ``text`` into the text field identified by ``locator``.</doc>
<status status="PASS" start="2025-06-17T14:57:34.936157" elapsed="0.029030"/>
</kw>
<kw name="Select From List By Label" owner="SeleniumLibrary">
<msg time="2025-06-17T14:57:34.965781" level="INFO">Selecting options from selection list '//select[contains(@data-qa,'country')]' by label India.</msg>
<arg>//select[contains(@data-qa,'country')]</arg>
<arg>India</arg>
<doc>Selects options from selection list ``locator`` by ``labels``.</doc>
<status status="PASS" start="2025-06-17T14:57:34.965448" elapsed="0.014277"/>
</kw>
<kw name="Input Text" owner="SeleniumLibrary">
<msg time="2025-06-17T14:57:34.980156" level="INFO">Typing text 'NY' into text field '//input[contains(@data-qa,'state')]'.</msg>
<arg>//input[contains(@data-qa,'state')]</arg>
<arg>${STATE}</arg>
<doc>Types the given ``text`` into the text field identified by ``locator``.</doc>
<status status="PASS" start="2025-06-17T14:57:34.979917" elapsed="0.023137"/>
</kw>
<kw name="Input Text" owner="SeleniumLibrary">
<msg time="2025-06-17T14:57:35.003466" level="INFO">Typing text 'New York' into text field '//input[contains(@data-qa,'city')]'.</msg>
<arg>//input[contains(@data-qa,'city')]</arg>
<arg>${CITY}</arg>
<doc>Types the given ``text`` into the text field identified by ``locator``.</doc>
<status status="PASS" start="2025-06-17T14:57:35.003249" elapsed="0.024426"/>
</kw>
<kw name="Input Text" owner="SeleniumLibrary">
<msg time="2025-06-17T14:57:35.028102" level="INFO">Typing text '10118' into text field '//input[contains(@data-qa,'zipcode')]'.</msg>
<arg>//input[contains(@data-qa,'zipcode')]</arg>
<arg>${ZIP_CODE}</arg>
<doc>Types the given ``text`` into the text field identified by ``locator``.</doc>
<status status="PASS" start="2025-06-17T14:57:35.027868" elapsed="0.024299"/>
</kw>
<kw name="Input Text" owner="SeleniumLibrary">
<msg time="2025-06-17T14:57:35.052716" level="INFO">Typing text '001-885-801-3680x88433' into text field '//input[@type='text'][contains(@id,'number')]'.</msg>
<arg>//input[@type='text'][contains(@id,'number')]</arg>
<arg>${PHONE_NUMBER}</arg>
<doc>Types the given ``text`` into the text field identified by ``locator``.</doc>
<status status="PASS" start="2025-06-17T14:57:35.052441" elapsed="0.028871"/>
</kw>
<status status="PASS" start="2025-06-17T14:57:34.629432" elapsed="0.452036"/>
</kw>
<kw name="And clico no botão de criar conta" owner="keywords">
<kw name="Wait Until Element Is Visible" owner="SeleniumLibrary">
<arg>${CRIAR_CONTA}</arg>
<arg>10s</arg>
<doc>Waits until the element ``locator`` is visible.</doc>
<status status="PASS" start="2025-06-17T14:57:35.082157" elapsed="0.014591"/>
</kw>
<kw name="Execute Javascript" owner="SeleniumLibrary">
<msg time="2025-06-17T14:57:35.097603" level="INFO">Executing JavaScript:
document.querySelector("button[type='submit']").click()
Without any arguments.</msg>
<arg>document.querySelector("button[type='submit']").click()</arg>
<doc>Executes the given JavaScript code with possible arguments.</doc>
<status status="PASS" start="2025-06-17T14:57:35.097048" elapsed="0.041568"/>
</kw>
<status status="PASS" start="2025-06-17T14:57:35.081842" elapsed="0.057038"/>
</kw>
<kw name="Then vejo a mensagem de sucesso confirmando o cadastro" owner="keywords">
<kw name="Wait Until Page Contains" owner="SeleniumLibrary">
<arg>Account Created!</arg>
<arg>timeout=10s</arg>
<doc>Waits until ``text`` appears on the current page.</doc>
<status status="PASS" start="2025-06-17T14:57:35.139910" elapsed="0.628319"/>
</kw>
<kw name="Page Should Contain" owner="SeleniumLibrary">
<msg time="2025-06-17T14:57:35.785736" level="INFO">Current page contains text 'Account Created!'.</msg>
<arg>Account Created!</arg>
<doc>Verifies that current page contains ``text``.</doc>
<status status="PASS" start="2025-06-17T14:57:35.768548" elapsed="0.017386"/>
</kw>
<kw name="Take Screenshot" owner="Screenshot">
<msg time="2025-06-17T14:57:35.846829" level="INFO" html="true">&lt;a href="screenshots/screenshot_9.jpg"&gt;&lt;img src="screenshots/screenshot_9.jpg" width="800px"&gt;&lt;/a&gt;</msg>
<doc>Takes a screenshot in JPEG format and embeds it into the log file.</doc>
<status status="PASS" start="2025-06-17T14:57:35.786214" elapsed="0.060808"/>
</kw>
<status status="PASS" start="2025-06-17T14:57:35.139430" elapsed="0.707746"/>
</kw>
<kw name="Gerar dados de cartão fake" owner="keywords">
<kw name="Credit Card Number" owner="FakerLibrary">
<msg time="2025-06-17T14:57:35.848536" level="INFO">${card_number} = 3521642029850800</msg>
<var>${card_number}</var>
<doc>Generate a valid credit card number.</doc>
<status status="PASS" start="2025-06-17T14:57:35.848269" elapsed="0.000296"/>
</kw>
<kw name="Name" owner="FakerLibrary">
<msg time="2025-06-17T14:57:35.849040" level="INFO">${name} = Peter Smith</msg>
<var>${name}</var>
<doc>:example: 'John Doe'</doc>
<status status="PASS" start="2025-06-17T14:57:35.848689" elapsed="0.000378"/>
</kw>
<kw name="Credit Card Security Code" owner="FakerLibrary">
<msg time="2025-06-17T14:57:35.849277" level="INFO">${cvc} = 140</msg>
<var>${cvc}</var>
<doc>Generate a credit card security code.</doc>
<status status="PASS" start="2025-06-17T14:57:35.849153" elapsed="0.000146"/>
</kw>
<kw name="Credit Card Expire" owner="FakerLibrary">
<msg time="2025-06-17T14:57:35.849551" level="INFO">${expiry_date} = 07/32</msg>
<var>${expiry_date}</var>
<doc>Generate a credit card expiry date.</doc>
<status status="PASS" start="2025-06-17T14:57:35.849377" elapsed="0.000197"/>
</kw>
<kw name="Set Suite Variable" owner="BuiltIn">
<msg time="2025-06-17T14:57:35.850352" level="INFO">${CARTAO_NUMERO} = 3521642029850800</msg>
<arg>${CARTAO_NUMERO}</arg>
<arg>${card_number}</arg>
<doc>Makes a variable available everywhere within the scope of the current suite.</doc>
<status status="PASS" start="2025-06-17T14:57:35.849689" elapsed="0.000706"/>
</kw>
<kw name="Set Suite Variable" owner="BuiltIn">
<msg time="2025-06-17T14:57:35.851261" level="INFO">${CARTAO_NOME} = Peter Smith</msg>
<arg>${CARTAO_NOME}</arg>
<arg>${name}</arg>
<doc>Makes a variable available everywhere within the scope of the current suite.</doc>
<status status="PASS" start="2025-06-17T14:57:35.850490" elapsed="0.000836"/>
</kw>
<kw name="Set Suite Variable" owner="BuiltIn">
<msg time="2025-06-17T14:57:35.852104" level="INFO">${CARTAO_CVC} = 140</msg>
<arg>${CARTAO_CVC}</arg>
<arg>${cvc}</arg>
<doc>Makes a variable available everywhere within the scope of the current suite.</doc>
<status status="PASS" start="2025-06-17T14:57:35.851461" elapsed="0.000687"/>
</kw>
<kw name="Set Suite Variable" owner="BuiltIn">
<msg time="2025-06-17T14:57:35.852812" level="INFO">${CARTAO_EXPIRACAO} = 07/32</msg>
<arg>${CARTAO_EXPIRACAO}</arg>
<arg>${expiry_date}</arg>
<doc>Makes a variable available everywhere within the scope of the current suite.</doc>
<status status="PASS" start="2025-06-17T14:57:35.852242" elapsed="0.000618"/>
</kw>
<status status="PASS" start="2025-06-17T14:57:35.847815" elapsed="0.005143"/>
</kw>
<kw name="Given que acesso a página de Produtos" owner="keywords">
<kw name="Click Element" owner="SeleniumLibrary">
<msg time="2025-06-17T14:57:35.853982" level="INFO">Clicking element '//a[contains(.,' Products')]'.</msg>
<arg>${PAGE_PRODUTOS}</arg>
<doc>Click the element identified by ``locator``.</doc>
<status status="PASS" start="2025-06-17T14:57:35.853701" elapsed="2.951789"/>
</kw>
<kw name="Wait Until Element Is Visible" owner="SeleniumLibrary">
<arg>//h2[contains(@class,'title text-center')]</arg>
<arg>5s</arg>
<doc>Waits until the element ``locator`` is visible.</doc>
<status status="PASS" start="2025-06-17T14:57:38.805795" elapsed="0.009716"/>
</kw>
<status status="PASS" start="2025-06-17T14:57:35.853393" elapsed="2.962240"/>
</kw>
<kw name="And visualizo o primeiro produto" owner="keywords">
<kw name="Execute Javascript" owner="SeleniumLibrary">
<msg time="2025-06-17T14:57:38.816583" level="INFO">Executing JavaScript:
document.querySelector("a[href='/product_details/5']").scrollIntoView({ behavior: 'smooth', block: 'center' })
Without any arguments.</msg>
<arg>document.querySelector("a[href='/product_details/5']").scrollIntoView({ behavior: 'smooth', block: 'center' })</arg>
<doc>Executes the given JavaScript code with possible arguments.</doc>
<status status="PASS" start="2025-06-17T14:57:38.816265" elapsed="0.002472"/>
</kw>
<kw name="Sleep" owner="BuiltIn">
<msg time="2025-06-17T14:57:39.819298" level="INFO">Slept 1 second.</msg>
<arg>1s</arg>
<doc>Pauses the test executed for the given time.</doc>
<status status="PASS" start="2025-06-17T14:57:38.818881" elapsed="1.000555"/>
</kw>
<kw name="Click Element" owner="SeleniumLibrary">
<msg time="2025-06-17T14:57:39.819946" level="INFO">Clicking element 'xpath=//a[@href='/product_details/5']'.</msg>
<arg>xpath=//a[@href='/product_details/5']</arg>
<doc>Click the element identified by ``locator``.</doc>
<status status="PASS" start="2025-06-17T14:57:39.819653" elapsed="1.739662"/>
</kw>
<status status="PASS" start="2025-06-17T14:57:38.815975" elapsed="2.743531"/>
</kw>
<kw name="When adiciono o primeiro produto ao carrinho" owner="keywords">
<kw name="Click Element" owner="SeleniumLibrary">
<msg time="2025-06-17T14:57:41.560602" level="INFO">Clicking element '//button[@type='button'][contains(.,'Add to cart')]'.</msg>
<arg>//button[@type='button'][contains(.,'Add to cart')]</arg>
<doc>Click the element identified by ``locator``.</doc>
<status status="PASS" start="2025-06-17T14:57:41.560423" elapsed="0.211315"/>
</kw>
<kw name="Wait Until Element Is Visible" owner="SeleniumLibrary">
<arg>${ADICIONADO_AO_CARRINHO}</arg>
<doc>Waits until the element ``locator`` is visible.</doc>
<status status="PASS" start="2025-06-17T14:57:41.771938" elapsed="0.216752"/>
</kw>
<kw name="Click Element" owner="SeleniumLibrary">
<msg time="2025-06-17T14:57:41.989189" level="INFO">Clicking element '//button[@class='btn btn-success close-modal btn-block'][contains(.,'Continue Shopping')]'.</msg>
<arg>${CONTINUE_SHOPPING}</arg>
<doc>Click the element identified by ``locator``.</doc>
<status status="PASS" start="2025-06-17T14:57:41.988914" elapsed="0.218750"/>
</kw>
<status status="PASS" start="2025-06-17T14:57:41.560116" elapsed="0.647784"/>
</kw>
<kw name="And acesso o carrinho de compras" owner="keywords">
<kw name="Click Element" owner="SeleniumLibrary">
<msg time="2025-06-17T14:57:42.209317" level="INFO">Clicking element '(//a[@href='/view_cart'][contains(.,'Cart')])[1]'.</msg>
<arg>${CART}</arg>
<doc>Click the element identified by ``locator``.</doc>
<status status="PASS" start="2025-06-17T14:57:42.208983" elapsed="1.004779"/>
</kw>
<status status="PASS" start="2025-06-17T14:57:42.208513" elapsed="1.005423"/>
</kw>
<kw name="Then vejo o produto no carrinho" owner="keywords">
<kw name="Page Should Contain" owner="SeleniumLibrary">
<msg time="2025-06-17T14:57:43.230233" level="INFO">Current page contains text 'Proceed To Checkout'.</msg>
<arg>Proceed To Checkout</arg>
<doc>Verifies that current page contains ``text``.</doc>
<status status="PASS" start="2025-06-17T14:57:43.214825" elapsed="0.015519"/>
</kw>
<status status="PASS" start="2025-06-17T14:57:43.214410" elapsed="0.016034"/>
</kw>
<kw name="And clico no botão Proceed To Checkout" owner="keywords">
<kw name="Click Element" owner="SeleniumLibrary">
<msg time="2025-06-17T14:57:43.231141" level="INFO">Clicking element '//a[@class='btn btn-default check_out'][contains(.,'Proceed To Checkout')]'.</msg>
<arg>//a[@class='btn btn-default check_out'][contains(.,'Proceed To Checkout')]</arg>
<doc>Click the element identified by ``locator``.</doc>
<status status="PASS" start="2025-06-17T14:57:43.230988" elapsed="2.163187"/>
</kw>
<status status="PASS" start="2025-06-17T14:57:43.230747" elapsed="2.163550"/>
</kw>
<kw name="And confirmo o endereço de entrega" owner="keywords">
<kw name="Page Should Contain" owner="SeleniumLibrary">
<msg time="2025-06-17T14:57:45.399798" level="INFO">Current page contains text 'Address Details'.</msg>
<arg>Address Details</arg>
<doc>Verifies that current page contains ``text``.</doc>
<status status="PASS" start="2025-06-17T14:57:45.395022" elapsed="0.004878"/>
</kw>
<kw name="Click Element" owner="SeleniumLibrary">
<msg time="2025-06-17T14:57:45.400281" level="INFO">Clicking element '//a[contains(@class,'btn btn-default check_out')]'.</msg>
<arg>//a[contains(@class,'btn btn-default check_out')]</arg>
<doc>Click the element identified by ``locator``.</doc>
<status status="PASS" start="2025-06-17T14:57:45.400084" elapsed="1.226517"/>
</kw>
<status status="PASS" start="2025-06-17T14:57:45.394753" elapsed="1.232025"/>
</kw>
<kw name="And preencho os dados do pagamento" owner="keywords">
<kw name="Page Should Contain" owner="SeleniumLibrary">
<msg time="2025-06-17T14:57:46.631935" level="INFO">Current page contains text 'Payment'.</msg>
<arg>Payment</arg>
<doc>Verifies that current page contains ``text``.</doc>
<status status="PASS" start="2025-06-17T14:57:46.627543" elapsed="0.004476"/>
</kw>
<kw name="Input Text" owner="SeleniumLibrary">
<msg time="2025-06-17T14:57:46.632383" level="INFO">Typing text 'Peter Smith' into text field '//input[@class='form-control']'.</msg>
<arg>//input[@class='form-control']</arg>
<arg>${CARTAO_NOME}</arg>
<doc>Types the given ``text`` into the text field identified by ``locator``.</doc>
<status status="PASS" start="2025-06-17T14:57:46.632166" elapsed="0.027915"/>
</kw>
<kw name="Input Text" owner="SeleniumLibrary">
<msg time="2025-06-17T14:57:46.660516" level="INFO">Typing text '3521642029850800' into text field '//input[contains(@name,'card_number')]'.</msg>
<arg>//input[contains(@name,'card_number')]</arg>
<arg>${CARTAO_NUMERO}</arg>
<doc>Types the given ``text`` into the text field identified by ``locator``.</doc>
<status status="PASS" start="2025-06-17T14:57:46.660276" elapsed="0.025094"/>
</kw>
<kw name="Input Text" owner="SeleniumLibrary">
<msg time="2025-06-17T14:57:46.685791" level="INFO">Typing text '140' into text field '//input[contains(@name,'cvc')]'.</msg>
<arg>//input[contains(@name,'cvc')]</arg>
<arg>${CARTAO_CVC}</arg>
<doc>Types the given ``text`` into the text field identified by ``locator``.</doc>
<status status="PASS" start="2025-06-17T14:57:46.685558" elapsed="0.019729"/>
</kw>
<kw name="Input Text" owner="SeleniumLibrary">
<msg time="2025-06-17T14:57:46.705728" level="INFO">Typing text '12' into text field '//input[@name='expiry_month']'.</msg>
<arg>//input[@name='expiry_month']</arg>
<arg>12</arg>
<doc>Types the given ``text`` into the text field identified by ``locator``.</doc>
<status status="PASS" start="2025-06-17T14:57:46.705478" elapsed="0.026404"/>
</kw>
<kw name="Input Text" owner="SeleniumLibrary">
<msg time="2025-06-17T14:57:46.732322" level="INFO">Typing text '2027' into text field '//input[@name='expiry_year']'.</msg>
<arg>//input[@name='expiry_year']</arg>
<arg>2027</arg>
<doc>Types the given ``text`` into the text field identified by ``locator``.</doc>
<status status="PASS" start="2025-06-17T14:57:46.732116" elapsed="0.034084"/>
</kw>
<kw name="Click Button" owner="SeleniumLibrary">
<msg time="2025-06-17T14:57:46.766590" level="INFO">Clicking button '//button[@data-qa='pay-button']'.</msg>
<arg>//button[@data-qa='pay-button']</arg>
<doc>Clicks the button identified by ``locator``.</doc>
<status status="PASS" start="2025-06-17T14:57:46.766401" elapsed="2.352281"/>
</kw>
<status status="PASS" start="2025-06-17T14:57:46.627224" elapsed="2.491600"/>
</kw>
<kw name="Then vejo a mensagem de sucesso da finalização do pedido" owner="keywords">
<kw name="Wait Until Page Contains" owner="SeleniumLibrary">
<arg>Congratulations! Your order has been confirmed!</arg>
<arg>timeout=10s</arg>
<doc>Waits until ``text`` appears on the current page.</doc>
<status status="PASS" start="2025-06-17T14:57:49.119482" elapsed="0.003539"/>
</kw>
<kw name="Take Screenshot" owner="Screenshot">
<msg time="2025-06-17T14:57:49.177867" level="INFO" html="true">&lt;a href="screenshots/screenshot_10.jpg"&gt;&lt;img src="screenshots/screenshot_10.jpg" width="800px"&gt;&lt;/a&gt;</msg>
<doc>Takes a screenshot in JPEG format and embeds it into the log file.</doc>
<status status="PASS" start="2025-06-17T14:57:49.123210" elapsed="0.054759"/>
</kw>
<status status="PASS" start="2025-06-17T14:57:49.119225" elapsed="0.058840"/>
</kw>
<kw name="Fechar navegador" owner="keywords" type="TEARDOWN">
<kw name="Close Browser" owner="SeleniumLibrary">
<doc>Closes the current browser.</doc>
<status status="PASS" start="2025-06-17T14:57:49.178686" elapsed="2.639942"/>
</kw>
<status status="PASS" start="2025-06-17T14:57:49.178426" elapsed="2.640317"/>
</kw>
<doc>Teste ponta-a-ponta: cadastro, adicionar produto, checkout e finalização de pedido.</doc>
<tag>e2e</tag>
<tag>fluxo_completo</tag>
<tag>positivo</tag>
<status status="PASS" start="2025-06-17T14:57:21.820423" elapsed="29.998555"/>
</test>
<status status="PASS" start="2025-06-17T14:57:21.816156" elapsed="30.003381"/>
</suite>
<status status="PASS" start="2025-06-17T14:56:08.356280" elapsed="103.463968"/>
</suite>
<statistics>
<total>
<stat pass="5" fail="0" skip="0">All Tests</stat>
</total>
<tag>
<stat pass="1" fail="0" skip="0">cadastro</stat>
<stat pass="1" fail="0" skip="0">carrinho</stat>
<stat pass="1" fail="0" skip="0">e2e</stat>
<stat pass="1" fail="0" skip="0">fluxo_completo</stat>
<stat pass="1" fail="0" skip="0">login_negativo</stat>
<stat pass="1" fail="0" skip="0">login_positivo</stat>
<stat pass="3" fail="0" skip="0">positivo</stat>
</tag>
<suite>
<stat name="Tests" id="s1" pass="5" fail="0" skip="0">Tests</stat>
<stat name="01 Login Tests" id="s1-s1" pass="2" fail="0" skip="0">Tests.01 Login Tests</stat>
<stat name="02 Cadastro Tests" id="s1-s2" pass="1" fail="0" skip="0">Tests.02 Cadastro Tests</stat>
<stat name="03 Carrinho Tests" id="s1-s3" pass="1" fail="0" skip="0">Tests.03 Carrinho Tests</stat>
<stat name="Fluxo Completo Tests" id="s1-s4" pass="1" fail="0" skip="0">Tests.Fluxo Completo Tests</stat>
</suite>
</statistics>
<errors>
<msg time="2025-06-17T14:56:09.176127" level="WARN">The geckodriver version (0.35.0) detected in PATH at C:\Users\gabrielle\AppData\Roaming\Python\Python312\Scripts\geckodriver.exe might not be compatible with the detected firefox version (139.0.4.479); currently, geckodriver 0.36.0 is recommended for firefox 139.*, so it is advised to delete the driver in PATH and retry</msg>
<msg time="2025-06-17T14:56:26.155195" level="WARN">The geckodriver version (0.35.0) detected in PATH at C:\Users\gabrielle\AppData\Roaming\Python\Python312\Scripts\geckodriver.exe might not be compatible with the detected firefox version (139.0.4.479); currently, geckodriver 0.36.0 is recommended for firefox 139.*, so it is advised to delete the driver in PATH and retry</msg>
<msg time="2025-06-17T14:56:42.822177" level="WARN">The geckodriver version (0.35.0) detected in PATH at C:\Users\gabrielle\AppData\Roaming\Python\Python312\Scripts\geckodriver.exe might not be compatible with the detected firefox version (139.0.4.479); currently, geckodriver 0.36.0 is recommended for firefox 139.*, so it is advised to delete the driver in PATH and retry</msg>
<msg time="2025-06-17T14:56:59.829695" level="WARN">The geckodriver version (0.35.0) detected in PATH at C:\Users\gabrielle\AppData\Roaming\Python\Python312\Scripts\geckodriver.exe might not be compatible with the detected firefox version (139.0.4.479); currently, geckodriver 0.36.0 is recommended for firefox 139.*, so it is advised to delete the driver in PATH and retry</msg>
<msg time="2025-06-17T14:57:22.101476" level="WARN">The geckodriver version (0.35.0) detected in PATH at C:\Users\gabrielle\AppData\Roaming\Python\Python312\Scripts\geckodriver.exe might not be compatible with the detected firefox version (139.0.4.479); currently, geckodriver 0.36.0 is recommended for firefox 139.*, so it is advised to delete the driver in PATH and retry</msg>
</errors>
</robot>
